<?xml version="1.0" encoding="UTF-8"?>
<!-- Generated by org.testng.reporters.JUnitReportReporter -->
<testsuite hostname="LAPTOP-QLHJTPU4" failures="0" tests="4" name="vanishreelearning.tests.SubmitOrderTest" time="50.158" errors="0" timestamp="2023-02-12T22:08:21 IST" skipped="0">
  <testcase classname="vanishreelearning.tests.SubmitOrderTest" name="verifyOrder" time="11.442"/>
  <system-out/>
  <testcase classname="vanishreelearning.tests.SubmitOrderTest" name="submitOrder" time="12.671"/>
  <system-out/>
  <testcase classname="vanishreelearning.tests.SubmitOrderTest" name="submitOrder" time="16.952"/>
  <system-out/>
  <testcase classname="vanishreelearning.tests.SubmitOrderTest" name="verifyOrder" time="9.093"/>
  <system-out/>
</testsuite> <!-- vanishreelearning.tests.SubmitOrderTest -->
