<?xml version="1.0" encoding="UTF-8"?>
<!-- Generated by org.testng.reporters.JUnitReportReporter -->
<testsuite hostname="LAPTOP-QLHJTPU4" failures="0" tests="2" name="vanishreelearning.tests.ErrorValidationTest" time="46.594" errors="0" timestamp="2023-02-12T22:08:22 IST" skipped="0">
  <testcase classname="vanishreelearning.tests.ErrorValidationTest" name="ProductErrorValidation" time="37.653"/>
  <system-out/>
  <testcase classname="vanishreelearning.tests.ErrorValidationTest" name="LoginErrorValidation" time="8.941"/>
  <system-out/>
</testsuite> <!-- vanishreelearning.tests.ErrorValidationTest -->
