<?xml version="1.0" encoding="UTF-8"?>
<!-- Generated by org.testng.reporters.JUnitReportReporter -->
<testsuite hostname="LAPTOP-QLHJTPU4" failures="0" tests="2" name="vanishreelearning.tests.ErrorValidationTest" time="32.696" errors="0" timestamp="2023-02-13T19:54:28 IST" skipped="0">
  <testcase classname="vanishreelearning.tests.ErrorValidationTest" name="ProductErrorValidation" time="27.434"/>
  <system-out/>
  <testcase classname="vanishreelearning.tests.ErrorValidationTest" name="LoginErrorValidation" time="5.262"/>
  <system-out/>
</testsuite> <!-- vanishreelearning.tests.ErrorValidationTest -->
