<?xml version="1.0" encoding="UTF-8"?>
<!-- Generated by org.testng.reporters.JUnitReportReporter -->
<testsuite hostname="LAPTOP-QLHJTPU4" failures="0" tests="4" name="vanishreelearning.tests.SubmitOrderTest" time="56.385" errors="0" timestamp="2023-02-13T19:54:28 IST" skipped="0">
  <testcase classname="vanishreelearning.tests.SubmitOrderTest" name="submitOrder" time="18.985"/>
  <system-out/>
  <testcase classname="vanishreelearning.tests.SubmitOrderTest" name="submitOrder" time="18.959"/>
  <system-out/>
  <testcase classname="vanishreelearning.tests.SubmitOrderTest" name="verifyOrder" time="4.576"/>
  <system-out/>
  <testcase classname="vanishreelearning.tests.SubmitOrderTest" name="verifyOrder" time="13.865"/>
  <system-out/>
</testsuite> <!-- vanishreelearning.tests.SubmitOrderTest -->
